2025-04-22 15:27:30,587 [__main__] [INFO] Logging setup complete. Log file: output/logs/training_20250422_152730.log
2025-04-22 15:27:30,587 [__main__] [INFO] Registered RLlib environment 'satellite_marl'
2025-04-22 15:27:30,588 [__main__] [INFO] --- Starting MARL Training Script ---
2025-04-22 15:27:30,588 [__main__] [INFO] Environment Config: src.config
2025-04-22 15:27:30,588 [__main__] [INFO] RLlib PPO Algorithm
2025-04-22 15:27:30,588 [__main__] [INFO] Training Iterations: 100
2025-04-22 15:27:30,588 [__main__] [INFO] Results Directory: output/ray_results
2025-04-22 15:27:30,588 [__main__] [WARNING] Reminder: Check '/tmp/ray' disk usage. Clean or configure Ray's temp directory if it's over 95% full.
2025-04-22 15:27:30,588 [__main__] [INFO] Detected 16 CPUs.
2025-04-22 15:27:30,668 [filelock] [DEBUG] Attempting to acquire lock 5799124368 on /tmp/ray/session_2025-04-22_15-27-30_666914_96824/node_ip_address.json.lock
2025-04-22 15:27:30,669 [filelock] [DEBUG] Lock 5799124368 acquired on /tmp/ray/session_2025-04-22_15-27-30_666914_96824/node_ip_address.json.lock
2025-04-22 15:27:30,670 [filelock] [DEBUG] Attempting to release lock 5799124368 on /tmp/ray/session_2025-04-22_15-27-30_666914_96824/node_ip_address.json.lock
2025-04-22 15:27:30,670 [filelock] [DEBUG] Lock 5799124368 released on /tmp/ray/session_2025-04-22_15-27-30_666914_96824/node_ip_address.json.lock
2025-04-22 15:27:30,671 [filelock] [DEBUG] Attempting to acquire lock 5795565712 on /tmp/ray/session_2025-04-22_15-27-30_666914_96824/ports_by_node.json.lock
2025-04-22 15:27:30,671 [filelock] [DEBUG] Lock 5795565712 acquired on /tmp/ray/session_2025-04-22_15-27-30_666914_96824/ports_by_node.json.lock
2025-04-22 15:27:30,672 [filelock] [DEBUG] Attempting to release lock 5795565712 on /tmp/ray/session_2025-04-22_15-27-30_666914_96824/ports_by_node.json.lock
2025-04-22 15:27:30,672 [filelock] [DEBUG] Lock 5795565712 released on /tmp/ray/session_2025-04-22_15-27-30_666914_96824/ports_by_node.json.lock
2025-04-22 15:27:30,672 [filelock] [DEBUG] Attempting to acquire lock 5797943184 on /tmp/ray/session_2025-04-22_15-27-30_666914_96824/ports_by_node.json.lock
2025-04-22 15:27:30,673 [filelock] [DEBUG] Lock 5797943184 acquired on /tmp/ray/session_2025-04-22_15-27-30_666914_96824/ports_by_node.json.lock
2025-04-22 15:27:30,674 [filelock] [DEBUG] Attempting to release lock 5797943184 on /tmp/ray/session_2025-04-22_15-27-30_666914_96824/ports_by_node.json.lock
2025-04-22 15:27:30,674 [filelock] [DEBUG] Lock 5797943184 released on /tmp/ray/session_2025-04-22_15-27-30_666914_96824/ports_by_node.json.lock
2025-04-22 15:27:30,674 [filelock] [DEBUG] Attempting to acquire lock 5797943184 on /tmp/ray/session_2025-04-22_15-27-30_666914_96824/ports_by_node.json.lock
2025-04-22 15:27:30,674 [filelock] [DEBUG] Lock 5797943184 acquired on /tmp/ray/session_2025-04-22_15-27-30_666914_96824/ports_by_node.json.lock
2025-04-22 15:27:30,675 [filelock] [DEBUG] Attempting to release lock 5797943184 on /tmp/ray/session_2025-04-22_15-27-30_666914_96824/ports_by_node.json.lock
2025-04-22 15:27:30,675 [filelock] [DEBUG] Lock 5797943184 released on /tmp/ray/session_2025-04-22_15-27-30_666914_96824/ports_by_node.json.lock
2025-04-22 15:27:30,676 [filelock] [DEBUG] Attempting to acquire lock 5798146064 on /tmp/ray/session_2025-04-22_15-27-30_666914_96824/ports_by_node.json.lock
2025-04-22 15:27:30,676 [filelock] [DEBUG] Lock 5798146064 acquired on /tmp/ray/session_2025-04-22_15-27-30_666914_96824/ports_by_node.json.lock
2025-04-22 15:27:30,677 [filelock] [DEBUG] Attempting to release lock 5798146064 on /tmp/ray/session_2025-04-22_15-27-30_666914_96824/ports_by_node.json.lock
2025-04-22 15:27:30,677 [filelock] [DEBUG] Lock 5798146064 released on /tmp/ray/session_2025-04-22_15-27-30_666914_96824/ports_by_node.json.lock
2025-04-22 15:27:30,677 [filelock] [DEBUG] Attempting to acquire lock 5342574096 on /tmp/ray/session_2025-04-22_15-27-30_666914_96824/ports_by_node.json.lock
2025-04-22 15:27:30,677 [filelock] [DEBUG] Lock 5342574096 acquired on /tmp/ray/session_2025-04-22_15-27-30_666914_96824/ports_by_node.json.lock
2025-04-22 15:27:30,678 [filelock] [DEBUG] Attempting to release lock 5342574096 on /tmp/ray/session_2025-04-22_15-27-30_666914_96824/ports_by_node.json.lock
2025-04-22 15:27:30,678 [filelock] [DEBUG] Lock 5342574096 released on /tmp/ray/session_2025-04-22_15-27-30_666914_96824/ports_by_node.json.lock
