2025-04-03 19:48:45,928 [__main__] [INFO] Initializing Ray...
2025-04-03 19:48:51,279 [__main__] [INFO] Creating temporary environment to get action/observation spaces...
2025-04-03 19:48:51,282 [src.satellite_marl_env] [INFO] SatelliteMARLEnv closed.
2025-04-03 19:48:51,282 [__main__] [INFO] Spaces retrieved.
2025-04-03 19:48:51,282 [__main__] [INFO] Configuring RLlib PPO Algorithm...
2025-04-03 19:48:51,283 [__main__] [INFO] Building Algorithm...
2025-04-03 19:49:04,514 [__main__] [WARNING] Could not retrieve policy class name via standard methods.
2025-04-03 19:49:04,514 [__main__] [INFO] Algorithm Built. Using Policy Class: Unavailable (New API stack?)
2025-04-03 19:49:04,514 [__main__] [INFO] 
--- Starting Training for 100 iterations ---
2025-04-03 19:49:17,570 [__main__] [WARNING] Training interrupted by user.
2025-04-03 19:49:17,570 [__main__] [INFO] 
--- Training Finished ---
2025-04-03 19:49:17,570 [__main__] [INFO] Total Training Time: 13.06 seconds
2025-04-03 19:49:17,583 [__main__] [INFO] Final checkpoint saved in directory TrainingResult(checkpoint=Checkpoint(filesystem=local, path=/Users/nathanleo/Downloads/IST 597 - RL/Final Project/RL-Spacecraft-Docking/output/ray_results), metrics={})
2025-04-03 19:49:17,583 [__main__] [INFO] 
--- Running Evaluation & Recording Video ---
2025-04-03 19:49:17,584 [__main__] [INFO] Evaluation Episode: 1/5
2025-04-03 19:49:17,710 [src.satellite_marl_env] [INFO] MuJoCo Renderer initialized.
2025-04-03 19:49:17,928 [__main__] [ERROR] Error computing action during evaluation: 'MultiAgentEnvRunner' object has no attribute 'get_policy'
Traceback (most recent call last):
  File "/Users/nathanleo/Downloads/IST 597 - RL/Final Project/RL-Spacecraft-Docking/src/train_marl.py", line 125, in run_evaluation_video
    actions[agent_id] = algo.compute_single_action(
                        ^^^^^^^^^^^^^^^^^^^^^^^^^^^
  File "/opt/anaconda3/lib/python3.12/site-packages/ray/rllib/utils/deprecation.py", line 128, in _ctor
    return obj(*args, **kwargs)
           ^^^^^^^^^^^^^^^^^^^^
  File "/opt/anaconda3/lib/python3.12/site-packages/ray/rllib/algorithms/algorithm.py", line 3810, in compute_single_action
    policy = self.get_policy(policy_id)
             ^^^^^^^^^^^^^^^^^^^^^^^^^^
  File "/opt/anaconda3/lib/python3.12/site-packages/ray/rllib/algorithms/algorithm.py", line 2092, in get_policy
    return self.env_runner.get_policy(policy_id)
           ^^^^^^^^^^^^^^^^^^^^^^^^^^
AttributeError: 'MultiAgentEnvRunner' object has no attribute 'get_policy'
2025-04-03 19:49:17,929 [__main__] [INFO] Evaluation Episode 1 Rewards: {'servicer': 0, 'target': 0}
2025-04-03 19:49:17,929 [__main__] [INFO] Evaluation Episode: 2/5
2025-04-03 19:49:17,931 [__main__] [ERROR] Error computing action during evaluation: 'MultiAgentEnvRunner' object has no attribute 'get_policy'
Traceback (most recent call last):
  File "/Users/nathanleo/Downloads/IST 597 - RL/Final Project/RL-Spacecraft-Docking/src/train_marl.py", line 125, in run_evaluation_video
    actions[agent_id] = algo.compute_single_action(
                        ^^^^^^^^^^^^^^^^^^^^^^^^^^^
  File "/opt/anaconda3/lib/python3.12/site-packages/ray/rllib/utils/deprecation.py", line 128, in _ctor
    return obj(*args, **kwargs)
           ^^^^^^^^^^^^^^^^^^^^
  File "/opt/anaconda3/lib/python3.12/site-packages/ray/rllib/algorithms/algorithm.py", line 3810, in compute_single_action
    policy = self.get_policy(policy_id)
             ^^^^^^^^^^^^^^^^^^^^^^^^^^
  File "/opt/anaconda3/lib/python3.12/site-packages/ray/rllib/algorithms/algorithm.py", line 2092, in get_policy
    return self.env_runner.get_policy(policy_id)
           ^^^^^^^^^^^^^^^^^^^^^^^^^^
AttributeError: 'MultiAgentEnvRunner' object has no attribute 'get_policy'
2025-04-03 19:49:17,932 [__main__] [INFO] Evaluation Episode 2 Rewards: {'servicer': 0, 'target': 0}
2025-04-03 19:49:17,932 [__main__] [INFO] Evaluation Episode: 3/5
2025-04-03 19:49:17,934 [__main__] [ERROR] Error computing action during evaluation: 'MultiAgentEnvRunner' object has no attribute 'get_policy'
Traceback (most recent call last):
  File "/Users/nathanleo/Downloads/IST 597 - RL/Final Project/RL-Spacecraft-Docking/src/train_marl.py", line 125, in run_evaluation_video
    actions[agent_id] = algo.compute_single_action(
                        ^^^^^^^^^^^^^^^^^^^^^^^^^^^
  File "/opt/anaconda3/lib/python3.12/site-packages/ray/rllib/utils/deprecation.py", line 128, in _ctor
    return obj(*args, **kwargs)
           ^^^^^^^^^^^^^^^^^^^^
  File "/opt/anaconda3/lib/python3.12/site-packages/ray/rllib/algorithms/algorithm.py", line 3810, in compute_single_action
    policy = self.get_policy(policy_id)
             ^^^^^^^^^^^^^^^^^^^^^^^^^^
  File "/opt/anaconda3/lib/python3.12/site-packages/ray/rllib/algorithms/algorithm.py", line 2092, in get_policy
    return self.env_runner.get_policy(policy_id)
           ^^^^^^^^^^^^^^^^^^^^^^^^^^
AttributeError: 'MultiAgentEnvRunner' object has no attribute 'get_policy'
2025-04-03 19:49:17,935 [__main__] [INFO] Evaluation Episode 3 Rewards: {'servicer': 0, 'target': 0}
2025-04-03 19:49:17,935 [__main__] [INFO] Evaluation Episode: 4/5
2025-04-03 19:49:17,936 [__main__] [ERROR] Error computing action during evaluation: 'MultiAgentEnvRunner' object has no attribute 'get_policy'
Traceback (most recent call last):
  File "/Users/nathanleo/Downloads/IST 597 - RL/Final Project/RL-Spacecraft-Docking/src/train_marl.py", line 125, in run_evaluation_video
    actions[agent_id] = algo.compute_single_action(
                        ^^^^^^^^^^^^^^^^^^^^^^^^^^^
  File "/opt/anaconda3/lib/python3.12/site-packages/ray/rllib/utils/deprecation.py", line 128, in _ctor
    return obj(*args, **kwargs)
           ^^^^^^^^^^^^^^^^^^^^
  File "/opt/anaconda3/lib/python3.12/site-packages/ray/rllib/algorithms/algorithm.py", line 3810, in compute_single_action
    policy = self.get_policy(policy_id)
             ^^^^^^^^^^^^^^^^^^^^^^^^^^
  File "/opt/anaconda3/lib/python3.12/site-packages/ray/rllib/algorithms/algorithm.py", line 2092, in get_policy
    return self.env_runner.get_policy(policy_id)
           ^^^^^^^^^^^^^^^^^^^^^^^^^^
AttributeError: 'MultiAgentEnvRunner' object has no attribute 'get_policy'
2025-04-03 19:49:17,937 [__main__] [INFO] Evaluation Episode 4 Rewards: {'servicer': 0, 'target': 0}
2025-04-03 19:49:17,937 [__main__] [INFO] Evaluation Episode: 5/5
2025-04-03 19:49:17,939 [__main__] [ERROR] Error computing action during evaluation: 'MultiAgentEnvRunner' object has no attribute 'get_policy'
Traceback (most recent call last):
  File "/Users/nathanleo/Downloads/IST 597 - RL/Final Project/RL-Spacecraft-Docking/src/train_marl.py", line 125, in run_evaluation_video
    actions[agent_id] = algo.compute_single_action(
                        ^^^^^^^^^^^^^^^^^^^^^^^^^^^
  File "/opt/anaconda3/lib/python3.12/site-packages/ray/rllib/utils/deprecation.py", line 128, in _ctor
    return obj(*args, **kwargs)
           ^^^^^^^^^^^^^^^^^^^^
  File "/opt/anaconda3/lib/python3.12/site-packages/ray/rllib/algorithms/algorithm.py", line 3810, in compute_single_action
    policy = self.get_policy(policy_id)
             ^^^^^^^^^^^^^^^^^^^^^^^^^^
  File "/opt/anaconda3/lib/python3.12/site-packages/ray/rllib/algorithms/algorithm.py", line 2092, in get_policy
    return self.env_runner.get_policy(policy_id)
           ^^^^^^^^^^^^^^^^^^^^^^^^^^
AttributeError: 'MultiAgentEnvRunner' object has no attribute 'get_policy'
2025-04-03 19:49:17,939 [__main__] [INFO] Evaluation Episode 5 Rewards: {'servicer': 0, 'target': 0}
2025-04-03 19:49:17,947 [src.satellite_marl_env] [INFO] SatelliteMARLEnv closed.
2025-04-03 19:49:17,947 [__main__] [INFO] Saving evaluation video to: /Users/nathanleo/Downloads/IST 597 - RL/Final Project/RL-Spacecraft-Docking/output/ray_results/evaluation_video.mp4
2025-04-03 19:49:18,703 [__main__] [INFO] Shutting down Ray...
2025-04-03 19:49:19,284 [src.satellite_marl_env] [INFO] SatelliteMARLEnv closed.
2025-04-03 19:49:35,630 [src.satellite_marl_env] [INFO] SatelliteMARLEnv closed.
