2025-04-22 14:51:07,107 [__main__] [INFO] Logging setup complete. Log file: output/logs/training_20250422_145107.log
2025-04-22 14:51:07,108 [__main__] [INFO] Registered RLlib environment 'satellite_marl'
2025-04-22 14:51:07,108 [__main__] [INFO] --- Starting MARL Training Script ---
2025-04-22 14:51:07,108 [__main__] [INFO] Environment Config: src.config
2025-04-22 14:51:07,108 [__main__] [INFO] RLlib PPO Algorithm
2025-04-22 14:51:07,108 [__main__] [INFO] Training Iterations: 100
2025-04-22 14:51:07,108 [__main__] [INFO] Results Directory: output/ray_results
2025-04-22 14:51:07,108 [__main__] [INFO] Detected 16 CPUs.
2025-04-22 14:51:07,243 [filelock] [DEBUG] Attempting to acquire lock 5778108688 on /tmp/ray/session_2025-04-22_14-51-07_241920_69773/node_ip_address.json.lock
2025-04-22 14:51:07,243 [filelock] [DEBUG] Lock 5778108688 acquired on /tmp/ray/session_2025-04-22_14-51-07_241920_69773/node_ip_address.json.lock
2025-04-22 14:51:07,244 [filelock] [DEBUG] Attempting to release lock 5778108688 on /tmp/ray/session_2025-04-22_14-51-07_241920_69773/node_ip_address.json.lock
2025-04-22 14:51:07,244 [filelock] [DEBUG] Lock 5778108688 released on /tmp/ray/session_2025-04-22_14-51-07_241920_69773/node_ip_address.json.lock
2025-04-22 14:51:07,245 [filelock] [DEBUG] Attempting to acquire lock 5776960592 on /tmp/ray/session_2025-04-22_14-51-07_241920_69773/ports_by_node.json.lock
2025-04-22 14:51:07,245 [filelock] [DEBUG] Lock 5776960592 acquired on /tmp/ray/session_2025-04-22_14-51-07_241920_69773/ports_by_node.json.lock
2025-04-22 14:51:07,246 [filelock] [DEBUG] Attempting to release lock 5776960592 on /tmp/ray/session_2025-04-22_14-51-07_241920_69773/ports_by_node.json.lock
2025-04-22 14:51:07,246 [filelock] [DEBUG] Lock 5776960592 released on /tmp/ray/session_2025-04-22_14-51-07_241920_69773/ports_by_node.json.lock
2025-04-22 14:51:07,247 [filelock] [DEBUG] Attempting to acquire lock 5776474320 on /tmp/ray/session_2025-04-22_14-51-07_241920_69773/ports_by_node.json.lock
2025-04-22 14:51:07,247 [filelock] [DEBUG] Lock 5776474320 acquired on /tmp/ray/session_2025-04-22_14-51-07_241920_69773/ports_by_node.json.lock
2025-04-22 14:51:07,248 [filelock] [DEBUG] Attempting to release lock 5776474320 on /tmp/ray/session_2025-04-22_14-51-07_241920_69773/ports_by_node.json.lock
2025-04-22 14:51:07,248 [filelock] [DEBUG] Lock 5776474320 released on /tmp/ray/session_2025-04-22_14-51-07_241920_69773/ports_by_node.json.lock
2025-04-22 14:51:07,248 [filelock] [DEBUG] Attempting to acquire lock 5775691536 on /tmp/ray/session_2025-04-22_14-51-07_241920_69773/ports_by_node.json.lock
2025-04-22 14:51:07,248 [filelock] [DEBUG] Lock 5775691536 acquired on /tmp/ray/session_2025-04-22_14-51-07_241920_69773/ports_by_node.json.lock
2025-04-22 14:51:07,249 [filelock] [DEBUG] Attempting to release lock 5775691536 on /tmp/ray/session_2025-04-22_14-51-07_241920_69773/ports_by_node.json.lock
2025-04-22 14:51:07,249 [filelock] [DEBUG] Lock 5775691536 released on /tmp/ray/session_2025-04-22_14-51-07_241920_69773/ports_by_node.json.lock
2025-04-22 14:51:07,249 [filelock] [DEBUG] Attempting to acquire lock 5776474320 on /tmp/ray/session_2025-04-22_14-51-07_241920_69773/ports_by_node.json.lock
2025-04-22 14:51:07,250 [filelock] [DEBUG] Lock 5776474320 acquired on /tmp/ray/session_2025-04-22_14-51-07_241920_69773/ports_by_node.json.lock
2025-04-22 14:51:07,250 [filelock] [DEBUG] Attempting to release lock 5776474320 on /tmp/ray/session_2025-04-22_14-51-07_241920_69773/ports_by_node.json.lock
2025-04-22 14:51:07,250 [filelock] [DEBUG] Lock 5776474320 released on /tmp/ray/session_2025-04-22_14-51-07_241920_69773/ports_by_node.json.lock
2025-04-22 14:51:07,251 [filelock] [DEBUG] Attempting to acquire lock 5323442384 on /tmp/ray/session_2025-04-22_14-51-07_241920_69773/ports_by_node.json.lock
2025-04-22 14:51:07,251 [filelock] [DEBUG] Lock 5323442384 acquired on /tmp/ray/session_2025-04-22_14-51-07_241920_69773/ports_by_node.json.lock
2025-04-22 14:51:07,252 [filelock] [DEBUG] Attempting to release lock 5323442384 on /tmp/ray/session_2025-04-22_14-51-07_241920_69773/ports_by_node.json.lock
2025-04-22 14:51:07,252 [filelock] [DEBUG] Lock 5323442384 released on /tmp/ray/session_2025-04-22_14-51-07_241920_69773/ports_by_node.json.lock
2025-04-22 14:51:10,986 [__main__] [INFO] Ray initialized successfully.
2025-04-22 14:51:10,987 [__main__] [INFO] Creating temporary environment to get action/observation spaces...
2025-04-22 14:51:10,987 [__main__] [DEBUG] Creating RllibSatelliteEnv with config: {}
2025-04-22 14:51:10,991 [src.satellite_marl_env] [INFO] MuJoCo model loaded successfully from /Users/leo/RL-Spacecraft-Docking/src/xml_references/satellites.xml
2025-04-22 14:51:10,992 [src.satellite_marl_env] [DEBUG] MuJoCo IDs retrieved successfully.
2025-04-22 14:51:10,992 [src.satellite_marl_env] [INFO] SatelliteMARLEnv closed.
2025-04-22 14:51:10,993 [__main__] [INFO] Observation/Action spaces retrieved successfully:
2025-04-22 14:51:10,993 [__main__] [INFO]   Agent 'servicer': Obs=Box(-inf, inf, (13,), float32), Act=Box(-1.0, 1.0, (6,), float32)
2025-04-22 14:51:10,993 [__main__] [INFO]   Agent 'target': Obs=Box(-inf, inf, (13,), float32), Act=Box(-1.0, 1.0, (6,), float32)
2025-04-22 14:51:10,993 [__main__] [INFO] Configuring RLlib PPO Algorithm...
2025-04-22 14:51:10,993 [__main__] [INFO] Absolute results path: /Users/leo/RL-Spacecraft-Docking/output/ray_results
2025-04-22 14:51:10,993 [__main__] [INFO] Using 14 environment runners (workers).
2025-04-22 14:51:10,993 [__main__] [INFO] Setting rollout_fragment_length: 200
2025-04-22 14:51:10,994 [__main__] [INFO] Setting train_batch_size: 4000
2025-04-22 14:51:10,995 [__main__] [ERROR] Failed during RLlib configuration or algorithm build. Exiting.
Traceback (most recent call last):
  File "/Users/leo/RL-Spacecraft-Docking/src/train_marl.py", line 455, in <module>
    .resources(
     ^^^^^^^^^^
TypeError: AlgorithmConfig.resources() got an unexpected keyword argument 'num_cpus_per_env_runner'
