2025-04-03 19:39:13,925 [INFO] Initializing Ray...
2025-04-03 19:39:18,935 [INFO] Creating temporary environment to get action/observation spaces...
2025-04-03 19:39:18,936 [INFO] Spaces retrieved.
2025-04-03 19:39:18,936 [INFO] Configuring RLlib PPO Algorithm...
2025-04-03 19:39:18,937 [INFO] Building Algorithm...
2025-04-03 19:39:32,828 [WARNING] Could not retrieve policy class name.
2025-04-03 19:39:32,828 [INFO] Algorithm Built. Using Policy Class: Unavailable (New API stack?)
2025-04-03 19:39:32,828 [INFO] 
--- Starting Training for 100 iterations ---
2025-04-03 19:40:35,025 [INFO] Iteration: 1/100, Timesteps: 0, Mean Eval Reward: nan, Iter Time: 62.20s
2025-04-03 19:40:37,022 [INFO] Iteration: 2/100, Timesteps: 0, Mean Eval Reward: nan, Iter Time: 2.00s
2025-04-03 19:40:39,024 [INFO] Iteration: 3/100, Timesteps: 0, Mean Eval Reward: nan, Iter Time: 2.00s
2025-04-03 19:40:41,025 [INFO] Iteration: 4/100, Timesteps: 0, Mean Eval Reward: nan, Iter Time: 2.00s
2025-04-03 19:40:43,031 [INFO] Iteration: 5/100, Timesteps: 0, Mean Eval Reward: nan, Iter Time: 2.01s
2025-04-03 19:40:45,035 [INFO] Iteration: 6/100, Timesteps: 0, Mean Eval Reward: nan, Iter Time: 2.00s
2025-04-03 19:40:47,035 [INFO] Iteration: 7/100, Timesteps: 0, Mean Eval Reward: nan, Iter Time: 2.00s
2025-04-03 19:40:49,039 [INFO] Iteration: 8/100, Timesteps: 0, Mean Eval Reward: nan, Iter Time: 2.00s
2025-04-03 19:40:51,038 [INFO] Iteration: 9/100, Timesteps: 0, Mean Eval Reward: nan, Iter Time: 2.00s
2025-04-03 19:41:54,115 [INFO] Iteration: 10/100, Timesteps: 0, Mean Eval Reward: nan, Iter Time: 63.08s
2025-04-03 19:41:56,110 [INFO] Iteration: 11/100, Timesteps: 0, Mean Eval Reward: nan, Iter Time: 1.99s
2025-04-03 19:41:58,113 [INFO] Iteration: 12/100, Timesteps: 0, Mean Eval Reward: nan, Iter Time: 2.00s
2025-04-03 19:42:00,108 [WARNING] Training interrupted by user.
2025-04-03 19:42:00,108 [INFO] 
--- Training Finished ---
2025-04-03 19:42:00,108 [INFO] Total Training Time: 147.28 seconds
2025-04-03 19:42:00,108 [ERROR] Could not save final checkpoint: URI has empty scheme: 'output/ray_results'
2025-04-03 19:42:00,109 [WARNING] No valid checkpoint or algorithm instance found, skipping evaluation video.
2025-04-03 19:42:00,109 [INFO] Shutting down Ray...
