2025-04-03 21:03:44,219 [__main__] [INFO] Initializing Ray...
2025-04-03 21:03:44,284 [filelock] [DEBUG] Attempting to acquire lock 14717997216 on /tmp/ray/session_2025-04-03_21-03-44_280516_78235/node_ip_address.json.lock
2025-04-03 21:03:44,284 [filelock] [DEBUG] Lock 14717997216 acquired on /tmp/ray/session_2025-04-03_21-03-44_280516_78235/node_ip_address.json.lock
2025-04-03 21:03:44,286 [filelock] [DEBUG] Attempting to release lock 14717997216 on /tmp/ray/session_2025-04-03_21-03-44_280516_78235/node_ip_address.json.lock
2025-04-03 21:03:44,286 [filelock] [DEBUG] Lock 14717997216 released on /tmp/ray/session_2025-04-03_21-03-44_280516_78235/node_ip_address.json.lock
2025-04-03 21:03:44,287 [filelock] [DEBUG] Attempting to acquire lock 14722867632 on /tmp/ray/session_2025-04-03_21-03-44_280516_78235/ports_by_node.json.lock
2025-04-03 21:03:44,287 [filelock] [DEBUG] Lock 14722867632 acquired on /tmp/ray/session_2025-04-03_21-03-44_280516_78235/ports_by_node.json.lock
2025-04-03 21:03:44,288 [filelock] [DEBUG] Attempting to release lock 14722867632 on /tmp/ray/session_2025-04-03_21-03-44_280516_78235/ports_by_node.json.lock
2025-04-03 21:03:44,288 [filelock] [DEBUG] Lock 14722867632 released on /tmp/ray/session_2025-04-03_21-03-44_280516_78235/ports_by_node.json.lock
2025-04-03 21:03:44,288 [filelock] [DEBUG] Attempting to acquire lock 14724670448 on /tmp/ray/session_2025-04-03_21-03-44_280516_78235/ports_by_node.json.lock
2025-04-03 21:03:44,289 [filelock] [DEBUG] Lock 14724670448 acquired on /tmp/ray/session_2025-04-03_21-03-44_280516_78235/ports_by_node.json.lock
2025-04-03 21:03:44,289 [filelock] [DEBUG] Attempting to release lock 14724670448 on /tmp/ray/session_2025-04-03_21-03-44_280516_78235/ports_by_node.json.lock
2025-04-03 21:03:44,289 [filelock] [DEBUG] Lock 14724670448 released on /tmp/ray/session_2025-04-03_21-03-44_280516_78235/ports_by_node.json.lock
2025-04-03 21:03:44,289 [filelock] [DEBUG] Attempting to acquire lock 14724670448 on /tmp/ray/session_2025-04-03_21-03-44_280516_78235/ports_by_node.json.lock
2025-04-03 21:03:44,289 [filelock] [DEBUG] Lock 14724670448 acquired on /tmp/ray/session_2025-04-03_21-03-44_280516_78235/ports_by_node.json.lock
2025-04-03 21:03:44,293 [filelock] [DEBUG] Attempting to release lock 14724670448 on /tmp/ray/session_2025-04-03_21-03-44_280516_78235/ports_by_node.json.lock
2025-04-03 21:03:44,294 [filelock] [DEBUG] Lock 14724670448 released on /tmp/ray/session_2025-04-03_21-03-44_280516_78235/ports_by_node.json.lock
2025-04-03 21:03:44,294 [filelock] [DEBUG] Attempting to acquire lock 14721514480 on /tmp/ray/session_2025-04-03_21-03-44_280516_78235/ports_by_node.json.lock
2025-04-03 21:03:44,295 [filelock] [DEBUG] Lock 14721514480 acquired on /tmp/ray/session_2025-04-03_21-03-44_280516_78235/ports_by_node.json.lock
2025-04-03 21:03:44,296 [filelock] [DEBUG] Attempting to release lock 14721514480 on /tmp/ray/session_2025-04-03_21-03-44_280516_78235/ports_by_node.json.lock
2025-04-03 21:03:44,296 [filelock] [DEBUG] Lock 14721514480 released on /tmp/ray/session_2025-04-03_21-03-44_280516_78235/ports_by_node.json.lock
2025-04-03 21:03:44,296 [filelock] [DEBUG] Attempting to acquire lock 14722867632 on /tmp/ray/session_2025-04-03_21-03-44_280516_78235/ports_by_node.json.lock
2025-04-03 21:03:44,297 [filelock] [DEBUG] Lock 14722867632 acquired on /tmp/ray/session_2025-04-03_21-03-44_280516_78235/ports_by_node.json.lock
2025-04-03 21:03:44,298 [filelock] [DEBUG] Attempting to release lock 14722867632 on /tmp/ray/session_2025-04-03_21-03-44_280516_78235/ports_by_node.json.lock
2025-04-03 21:03:44,298 [filelock] [DEBUG] Lock 14722867632 released on /tmp/ray/session_2025-04-03_21-03-44_280516_78235/ports_by_node.json.lock
2025-04-03 21:03:51,114 [__main__] [INFO] Creating temporary environment to get action/observation spaces...
2025-04-03 21:03:51,117 [src.satellite_marl_env] [INFO] SatelliteMARLEnv closed.
2025-04-03 21:03:51,117 [__main__] [INFO] Spaces retrieved.
2025-04-03 21:03:51,117 [__main__] [INFO] Configuring RLlib PPO Algorithm...
2025-04-03 21:03:51,117 [__main__] [INFO] Using 23 workers.
2025-04-03 21:03:51,117 [__main__] [INFO] Building Algorithm...
2025-04-03 21:04:01,185 [src.satellite_marl_env] [DEBUG] Step 0, Raw Obs servicer: RelPos=[2.  0.5 0. ], RelVel=[0. 0. 0.], Quat=[1. 0. 0. 0.], AngVel=[0. 0. 0.]
2025-04-03 21:04:01,186 [src.satellite_marl_env] [DEBUG] Step 0, Raw Obs target: RelPos=[2.  0.5 0. ], RelVel=[0. 0. 0.], Quat=[1. 0. 0. 0.], AngVel=[0. 0. 0.]
2025-04-03 21:04:03,266 [src.satellite_marl_env] [DEBUG] Step 0, Raw Obs servicer: RelPos=[2.  0.5 0. ], RelVel=[0. 0. 0.], Quat=[1. 0. 0. 0.], AngVel=[0. 0. 0.]
2025-04-03 21:04:03,266 [src.satellite_marl_env] [DEBUG] Step 0, Raw Obs target: RelPos=[2.  0.5 0. ], RelVel=[0. 0. 0.], Quat=[1. 0. 0. 0.], AngVel=[0. 0. 0.]
2025-04-03 21:04:03,858 [__main__] [INFO] Algorithm Built. Policy/Module: DefaultPPOTorchRLModule
2025-04-03 21:04:03,858 [__main__] [INFO] 
--- Starting Training for 100 iterations ---
2025-04-03 21:04:06,720 [__main__] [INFO] Iter: 1/100, Ts(iter): 0, Ts(total): 4000, Rwd (Eval/Sample): nan, Loss(S): nan, Loss(T): nan, VF_Loss(S): nan, VF_Loss(T): nan, Time: 2.86s
2025-04-03 21:04:09,477 [__main__] [INFO] Iter: 2/100, Ts(iter): 0, Ts(total): 8000, Rwd (Eval/Sample): nan, Loss(S): nan, Loss(T): nan, VF_Loss(S): nan, VF_Loss(T): nan, Time: 2.76s
2025-04-03 21:04:12,265 [__main__] [INFO] Iter: 3/100, Ts(iter): 0, Ts(total): 12000, Rwd (Eval/Sample): nan, Loss(S): nan, Loss(T): nan, VF_Loss(S): nan, VF_Loss(T): nan, Time: 2.79s
2025-04-03 21:04:14,899 [__main__] [INFO] Iter: 4/100, Ts(iter): 0, Ts(total): 16000, Rwd (Eval/Sample): nan, Loss(S): nan, Loss(T): nan, VF_Loss(S): nan, VF_Loss(T): nan, Time: 2.63s
2025-04-03 21:04:17,390 [__main__] [INFO] Iter: 5/100, Ts(iter): 0, Ts(total): 20000, Rwd (Eval/Sample): nan, Loss(S): nan, Loss(T): nan, VF_Loss(S): nan, VF_Loss(T): nan, Time: 2.49s
2025-04-03 21:04:19,455 [__main__] [WARNING] Training interrupted.
2025-04-03 21:04:19,457 [__main__] [INFO] 
--- Training Finished ---
2025-04-03 21:04:19,457 [__main__] [INFO] Total Training Time: 15.60 seconds
2025-04-03 21:04:19,477 [__main__] [INFO] Final checkpoint saved: TrainingResult(checkpoint=Checkpoint(filesystem=local, path=/Users/nathanleo/Downloads/IST 597 - RL/Final Project/RL-Spacecraft-Docking/output/ray_results), metrics={'timers': {'training_iteration': 2.835675337225226, 'restore_env_runners': 1.6509080007996234e-05, 'training_step': 2.835544349985381, 'env_runner_sampling_timer': 0.28725383566575097, 'learner_update_timer': 2.5422484586379097, 'synch_weights': 0.004707466881761141, 'synch_env_connectors': 0.0073042219964449175}, 'env_runners': {'env_to_module_connector': {'timers': {'connectors': {'add_time_dim_to_batch_and_zero_pad': 7.513481458504743e-06, 'add_states_from_episodes_to_batch': 4.144688005728194e-06, 'agent_to_module_mapping': 4.67585059567013e-06, 'add_observations_from_episodes_to_batch': 1.730885692412756e-05, 'numpy_to_tensor': 3.1659321109194766e-05, 'batch_individual_items': 1.8688621801782296e-05}}, 'connector_pipeline_timer': 0.00012254899345382435}, 'module_to_env_connector': {'timers': {'connectors': {'normalize_and_clip_actions': 6.759962776542503e-05, 'module_to_agent_unmapping': 4.235366626944827e-06, 'tensor_to_numpy': 6.180781313300366e-05, 'get_actions': 0.00016122464830898184, 'remove_single_ts_time_rank_from_batch': 1.3345821755107718e-06, 'listify_data_for_vector_env': 9.816620846288197e-06, 'un_batch_to_individual_items': 2.2508436142240008e-05}}, 'connector_pipeline_timer': 0.0003777993157652105}, 'env_to_module_sum_episodes_length_in': 103.43047967640882, 'env_step_timer': 0.00013702091538672317, 'num_module_steps_sampled_lifetime': {'target': 20000, 'servicer': 20000}, 'num_agent_steps_sampled': {'servicer': 4000, 'target': 4000}, 'timers': {'connectors': {'add_time_dim_to_batch_and_zero_pad': 2.320291368169303e-05, 'add_states_from_episodes_to_batch': 8.699218438857276e-06, 'agent_to_module_mapping': 8.364129588817773e-06, 'add_observations_from_episodes_to_batch': 4.4717347127911836e-05, 'numpy_to_tensor': 6.488047707218514e-05, 'batch_individual_items': 4.023378436534625e-05}}, 'weights_seq_no': 4.0, 'num_module_steps_sampled': {'servicer': 4000, 'target': 4000}, 'env_to_module_sum_episodes_length_out': 103.43047967640882, 'rlmodule_inference_timer': 0.00018375565127714768, 'env_reset_timer': 0.0007222282602806049, 'num_agent_steps_sampled_lifetime': {'servicer': 20000, 'target': 20000}, 'sample': 0.15549696525432194, 'num_env_steps_sampled': 4000, 'num_env_steps_sampled_lifetime': 20000, 'connector_pipeline_timer': 0.0003568097802243479, 'time_between_sampling': 2.704848679196413, 'num_env_steps_sampled_lifetime_throughput': 1606.1248769081315}, 'learners': {'servicer': {'default_optimizer_learning_rate': 1e-05, 'total_loss': -0.17368261516094208, 'vf_loss': 5.799751647828089e-07, 'module_train_batch_size_mean': 128.0, 'entropy': 8.735090255737305, 'gradients_default_optimizer_global_norm': 2.214921712875366, 'policy_loss': 0.0009625088423490524, 'curr_entropy_coeff': 0.02, 'vf_explained_var': 0.41559261083602905, 'mean_kl_loss': 0.004510311875492334, 'diff_num_grad_updates_vs_sampler_policy': 1.0, 'weights_seq_no': 5.0, 'num_module_steps_trained_lifetime': 201600, 'num_trainable_parameters': 142093.0, 'vf_loss_unclipped': 5.799751647828089e-07, 'num_module_steps_trained': 40320, 'curr_kl_coeff': 0.0062500000931322575}, 'target': {'gradients_default_optimizer_global_norm': 2.0855257511138916, 'policy_loss': -0.10364044457674026, 'curr_entropy_coeff': 0.02, 'vf_explained_var': 0.22148841619491577, 'mean_kl_loss': 0.005897401366382837, 'diff_num_grad_updates_vs_sampler_policy': 1.0, 'weights_seq_no': 5.0, 'num_module_steps_trained_lifetime': 201600, 'num_trainable_parameters': 142093.0, 'num_module_steps_trained': 40320, 'vf_loss_unclipped': 7.88681290941895e-07, 'curr_kl_coeff': 0.02500000037252903, 'default_optimizer_learning_rate': 1e-05, 'module_train_batch_size_mean': 128.0, 'total_loss': -0.28168827295303345, 'vf_loss': 7.88681290941895e-07, 'entropy': 8.909784317016602}, '__all_modules__': {'num_non_trainable_parameters': 0.0, 'learner_connector_sum_episodes_length_in': 4000.0, 'learner_connector': {'timers': {'connectors': {'add_time_dim_to_batch_and_zero_pad': 1.824983356782716e-05, 'add_one_ts_to_episodes_and_truncate': 0.004830665064583693, 'add_states_from_episodes_to_batch': 6.4560279141084515e-06, 'agent_to_module_mapping': 0.003394198783545203, 'general_advantage_estimation': 0.028382499551317213, 'add_observations_from_episodes_to_batch': 0.0002062241299405178, 'numpy_to_tensor': 0.00017749760851929437, 'batch_individual_items': 0.06441770799618357, 'add_columns_from_episodes_to_train_batch': 0.07179563977731541}}, 'connector_pipeline_timer': 0.17344999735092695}, 'learner_connector_sum_episodes_length_out': 4000.0, 'num_env_steps_trained': 1260000, 'num_module_steps_trained_lifetime': 403200, 'num_env_steps_trained_lifetime': 6300000, 'num_module_steps_trained': 80640, 'num_trainable_parameters': 284186.0, 'num_env_steps_trained_lifetime_throughput': 0.0}}, 'num_training_step_calls_per_iteration': 1, 'num_env_steps_sampled_lifetime': 20000, 'fault_tolerance': {'num_healthy_workers': 23, 'num_remote_worker_restarts': 0}, 'env_runner_group': {'actor_manager_num_outstanding_async_reqs': 0}, 'num_env_steps_sampled_lifetime_throughput': 1606.1248769081315, 'done': False, 'training_iteration': 5, 'trial_id': 'default', 'date': '2025-04-03_21-04-17', 'timestamp': 1743728657, 'time_this_iter_s': 2.480211019515991, 'time_total_s': 13.48447299003601, 'pid': 78235, 'hostname': 'Nathans-Mac-Studio.local', 'node_ip': '127.0.0.1', 'config': {'exploration_config': {}, 'extra_python_environs_for_driver': {}, 'extra_python_environs_for_worker': {}, 'placement_strategy': 'PACK', 'num_gpus': 0, '_fake_gpus': False, 'num_cpus_for_main_process': 1, 'eager_tracing': True, 'eager_max_retraces': 20, 'tf_session_args': {'intra_op_parallelism_threads': 2, 'inter_op_parallelism_threads': 2, 'gpu_options': {'allow_growth': True}, 'log_device_placement': False, 'device_count': {'CPU': 1}, 'allow_soft_placement': True}, 'local_tf_session_args': {'intra_op_parallelism_threads': 8, 'inter_op_parallelism_threads': 8}, 'torch_compile_learner': False, 'torch_compile_learner_what_to_compile': <TorchCompileWhatToCompile.FORWARD_TRAIN: 'forward_train'>, 'torch_compile_learner_dynamo_backend': 'aot_eager', 'torch_compile_learner_dynamo_mode': None, 'torch_compile_worker': False, 'torch_compile_worker_dynamo_backend': 'aot_eager', 'torch_compile_worker_dynamo_mode': None, 'torch_ddp_kwargs': {}, 'torch_skip_nan_gradients': False, 'env': 'satellite_marl', 'env_config': {}, 'observation_space': None, 'action_space': None, 'clip_rewards': None, 'normalize_actions': True, 'clip_actions': False, '_is_atari': None, 'disable_env_checking': False, 'render_env': False, 'action_mask_key': 'action_mask', 'env_runner_cls': None, 'num_env_runners': 23, 'num_envs_per_env_runner': 1, 'gym_env_vectorize_mode': 'SYNC', 'num_cpus_per_env_runner': 1, 'num_gpus_per_env_runner': 0, 'custom_resources_per_env_runner': {}, 'validate_env_runners_after_construction': True, 'episodes_to_numpy': True, 'max_requests_in_flight_per_env_runner': 1, 'sample_timeout_s': 60.0, '_env_to_module_connector': None, 'add_default_connectors_to_env_to_module_pipeline': True, '_module_to_env_connector': None, 'add_default_connectors_to_module_to_env_pipeline': True, 'episode_lookback_horizon': 1, 'rollout_fragment_length': 'auto', 'batch_mode': 'truncate_episodes', 'compress_observations': False, 'remote_worker_envs': False, 'remote_env_batch_wait_ms': 0, 'enable_tf1_exec_eagerly': False, 'sample_collector': <class 'ray.rllib.evaluation.collectors.simple_list_collector.SimpleListCollector'>, 'preprocessor_pref': 'deepmind', 'observation_filter': 'MeanStdFilter', 'update_worker_filter_stats': True, 'use_worker_filter_stats': True, 'sampler_perf_stats_ema_coef': None, 'num_learners': 0, 'num_gpus_per_learner': 0, 'num_cpus_per_learner': 'auto', 'num_aggregator_actors_per_learner': 0, 'max_requests_in_flight_per_aggregator_actor': 3, 'local_gpu_idx': 0, 'max_requests_in_flight_per_learner': 3, 'gamma': 0.99, 'lr': 1e-05, 'grad_clip': 0.5, 'grad_clip_by': 'global_norm', '_train_batch_size_per_learner': None, 'train_batch_size': 4000, 'num_epochs': 10, 'minibatch_size': 128, 'shuffle_batch_per_epoch': True, 'model': {'fcnet_hiddens': [256, 256], 'fcnet_activation': 'tanh', 'fcnet_weights_initializer': None, 'fcnet_weights_initializer_config': None, 'fcnet_bias_initializer': None, 'fcnet_bias_initializer_config': None, 'conv_filters': None, 'conv_activation': 'relu', 'conv_kernel_initializer': None, 'conv_kernel_initializer_config': None, 'conv_bias_initializer': None, 'conv_bias_initializer_config': None, 'conv_transpose_kernel_initializer': None, 'conv_transpose_kernel_initializer_config': None, 'conv_transpose_bias_initializer': None, 'conv_transpose_bias_initializer_config': None, 'post_fcnet_hiddens': [], 'post_fcnet_activation': 'relu', 'post_fcnet_weights_initializer': None, 'post_fcnet_weights_initializer_config': None, 'post_fcnet_bias_initializer': None, 'post_fcnet_bias_initializer_config': None, 'free_log_std': False, 'log_std_clip_param': 20.0, 'no_final_linear': False, 'vf_share_layers': False, 'use_lstm': False, 'max_seq_len': 20, 'lstm_cell_size': 256, 'lstm_use_prev_action': False, 'lstm_use_prev_reward': False, 'lstm_weights_initializer': None, 'lstm_weights_initializer_config': None, 'lstm_bias_initializer': None, 'lstm_bias_initializer_config': None, '_time_major': False, 'use_attention': False, 'attention_num_transformer_units': 1, 'attention_dim': 64, 'attention_num_heads': 1, 'attention_head_dim': 32, 'attention_memory_inference': 50, 'attention_memory_training': 50, 'attention_position_wise_mlp_dim': 32, 'attention_init_gru_gate_bias': 2.0, 'attention_use_n_prev_actions': 0, 'attention_use_n_prev_rewards': 0, 'framestack': True, 'dim': 84, 'grayscale': False, 'zero_mean': True, 'custom_model': None, 'custom_model_config': {}, 'custom_action_dist': None, 'custom_preprocessor': None, 'encoder_latent_dim': None, 'always_check_shapes': False, 'lstm_use_prev_action_reward': -1, '_use_default_native_models': -1, '_disable_preprocessor_api': False, '_disable_action_flattening': False}, '_learner_connector': None, 'add_default_connectors_to_learner_pipeline': True, 'learner_config_dict': {}, 'optimizer': {}, '_learner_class': None, 'callbacks_on_algorithm_init': None, 'callbacks_on_env_runners_recreated': None, 'callbacks_on_checkpoint_loaded': None, 'callbacks_on_environment_created': None, 'callbacks_on_episode_created': None, 'callbacks_on_episode_start': None, 'callbacks_on_episode_step': None, 'callbacks_on_episode_end': None, 'callbacks_on_evaluate_start': None, 'callbacks_on_evaluate_end': None, 'callbacks_on_sample_end': None, 'callbacks_on_train_result': None, 'explore': True, 'enable_rl_module_and_learner': True, 'enable_env_runner_and_connector_v2': True, '_prior_exploration_config': {'type': 'StochasticSampling'}, 'count_steps_by': 'env_steps', 'policy_map_capacity': 100, 'policy_mapping_fn': <function <lambda> at 0x36ee94cc0>, 'policies_to_train': None, 'policy_states_are_swappable': False, 'observation_fn': None, 'offline_data_class': None, 'input_read_method': 'read_parquet', 'input_read_method_kwargs': {}, 'input_read_schema': {}, 'input_read_episodes': False, 'input_read_sample_batches': False, 'input_read_batch_size': None, 'input_filesystem': None, 'input_filesystem_kwargs': {}, 'input_compress_columns': ['obs', 'new_obs'], 'input_spaces_jsonable': True, 'materialize_data': False, 'materialize_mapped_data': True, 'map_batches_kwargs': {}, 'iter_batches_kwargs': {}, 'prelearner_class': None, 'prelearner_buffer_class': None, 'prelearner_buffer_kwargs': {}, 'prelearner_module_synch_period': 10, 'dataset_num_iters_per_learner': None, 'input_config': {}, 'actions_in_input_normalized': False, 'postprocess_inputs': False, 'shuffle_buffer_size': 0, 'output': None, 'output_config': {}, 'output_compress_columns': ['obs', 'new_obs'], 'output_max_file_size': 67108864, 'output_max_rows_per_file': None, 'output_write_remaining_data': False, 'output_write_method': 'write_parquet', 'output_write_method_kwargs': {}, 'output_filesystem': None, 'output_filesystem_kwargs': {}, 'output_write_episodes': True, 'offline_sampling': False, 'evaluation_interval': 10, 'evaluation_duration': 5, 'evaluation_duration_unit': 'episodes', 'evaluation_sample_timeout_s': 120.0, 'evaluation_parallel_to_training': True, 'evaluation_force_reset_envs_before_iteration': True, 'evaluation_config': {'explore': False, 'observation_filter': 'MeanStdFilter'}, 'off_policy_estimation_methods': {}, 'ope_split_batch_by_episode': True, 'evaluation_num_env_runners': 1, 'in_evaluation': False, 'sync_filters_on_rollout_workers_timeout_s': 10.0, 'keep_per_episode_custom_metrics': False, 'metrics_episode_collection_timeout_s': 60.0, 'metrics_num_episodes_for_smoothing': 100, 'min_time_s_per_iteration': None, 'min_train_timesteps_per_iteration': 0, 'min_sample_timesteps_per_iteration': 0, 'log_gradients': True, 'export_native_model_files': False, 'checkpoint_trainable_policies_only': False, 'logger_creator': None, 'logger_config': None, 'log_level': 'WARN', 'log_sys_usage': True, 'fake_sampler': False, 'seed': None, 'restart_failed_env_runners': True, 'ignore_env_runner_failures': False, 'max_num_env_runner_restarts': 1000, 'delay_between_env_runner_restarts_s': 60.0, 'restart_failed_sub_environments': False, 'num_consecutive_env_runner_failures_tolerance': 100, 'env_runner_health_probe_timeout_s': 30.0, 'env_runner_restore_timeout_s': 1800.0, '_model_config': {}, '_rl_module_spec': None, 'algorithm_config_overrides_per_module': {}, '_per_module_overrides': {}, '_validate_config': True, '_use_msgpack_checkpoints': False, '_torch_grad_scaler_class': None, '_torch_lr_scheduler_classes': None, '_tf_policy_handles_more_than_one_loss': False, '_disable_preprocessor_api': False, '_disable_action_flattening': False, '_disable_initialize_loss_from_dummy_batch': False, '_dont_auto_sync_env_runner_states': False, 'env_task_fn': -1, 'enable_connectors': -1, 'simple_optimizer': True, 'policy_map_cache': -1, 'worker_cls': -1, 'synchronize_filters': -1, 'enable_async_evaluation': -1, 'custom_async_evaluation_function': -1, '_enable_rl_module_api': -1, 'auto_wrap_old_gym_envs': -1, 'always_attach_evaluation_results': -1, 'replay_sequence_length': None, '_disable_execution_plan_api': -1, 'use_critic': True, 'use_gae': True, 'use_kl_loss': True, 'kl_coeff': 0.2, 'kl_target': 0.01, 'vf_loss_coeff': 0.5, 'entropy_coeff': 0.02, 'clip_param': 0.2, 'vf_clip_param': 10.0, 'entropy_coeff_schedule': None, 'lr_schedule': None, 'sgd_minibatch_size': -1, 'vf_share_layers': -1, 'class': <class 'ray.rllib.algorithms.ppo.ppo.PPOConfig'>, 'lambda': 1.0, 'input': 'sampler', 'policies': {'servicer': (None, Box(-inf, inf, (13,), float32), Box(-1.0, 1.0, (6,), float32), None), 'target': (None, Box(-inf, inf, (13,), float32), Box(-1.0, 1.0, (6,), float32), None)}, 'callbacks': <class 'ray.rllib.callbacks.callbacks.RLlibCallback'>, 'create_env_on_driver': False, 'custom_eval_function': None, 'framework': 'torch'}, 'time_since_restore': 13.48447299003601, 'iterations_since_restore': 5, 'perf': {'cpu_util_percent': 72.925, 'ram_util_percent': 52.9}})
2025-04-03 21:04:19,478 [__main__] [INFO] 
--- Running Evaluation & Recording Video ---
2025-04-03 21:04:19,479 [__main__] [INFO] Successfully retrieved RLModules for evaluation.
2025-04-03 21:04:19,479 [__main__] [INFO] Evaluation Episode: 1/5
2025-04-03 21:04:19,480 [src.satellite_marl_env] [DEBUG] Step 0, Raw Obs servicer: RelPos=[2.  0.5 0. ], RelVel=[0. 0. 0.], Quat=[1. 0. 0. 0.], AngVel=[0. 0. 0.]
2025-04-03 21:04:19,480 [src.satellite_marl_env] [DEBUG] Step 0, Raw Obs target: RelPos=[2.  0.5 0. ], RelVel=[0. 0. 0.], Quat=[1. 0. 0. 0.], AngVel=[0. 0. 0.]
2025-04-03 21:04:20,173 [src.satellite_marl_env] [DEBUG] Step 200, Raw Obs servicer: RelPos=[1.99743409 0.50514762 0.00292591], RelVel=[-0.0025515   0.00511916  0.00291145], Quat=[ 9.9998063e-01 -6.0141799e-03  1.4502468e-03 -6.9421536e-04], AngVel=[-0.01197032  0.00288724 -0.00138342]
2025-04-03 21:04:20,174 [src.satellite_marl_env] [DEBUG] Step 200, Raw Obs target: RelPos=[1.99743409 0.50514762 0.00292591], RelVel=[-0.0025515   0.00511916  0.00291145], Quat=[1. 0. 0. 0.], AngVel=[0. 0. 0.]
2025-04-03 21:04:20,775 [src.satellite_marl_env] [DEBUG] Step 400, Raw Obs servicer: RelPos=[1.98978165 0.52051408 0.01168191], RelVel=[-0.0050834   0.01021782  0.0058333 ], Quat=[ 0.9996912  -0.0240073   0.00578713 -0.00277655], AngVel=[-0.02396821  0.00577108 -0.00277619]
2025-04-03 21:04:20,775 [src.satellite_marl_env] [DEBUG] Step 400, Raw Obs target: RelPos=[1.98978165 0.52051408 0.01168191], RelVel=[-0.0050834   0.01021782  0.0058333 ], Quat=[1. 0. 0. 0.], AngVel=[0. 0. 0.]
2025-04-03 21:04:21,384 [src.satellite_marl_env] [DEBUG] Step 600, Raw Obs servicer: RelPos=[1.97710139 0.54605155 0.02630828], RelVel=[-0.00757623  0.01528915  0.00878482], Quat=[ 0.9984367  -0.0540034   0.01299167 -0.0062519 ], AngVel=[-0.03602795  0.00863059 -0.00417642]
2025-04-03 21:04:21,385 [src.satellite_marl_env] [DEBUG] Step 600, Raw Obs target: RelPos=[1.97710139 0.54605155 0.02630828], RelVel=[-0.00757623  0.01528915  0.00878482], Quat=[1. 0. 0. 0.], AngVel=[0. 0. 0.]
2025-04-03 21:04:21,950 [src.satellite_marl_env] [DEBUG] Step 800, Raw Obs servicer: RelPos=[1.95949144 0.58169813 0.04688298], RelVel=[-0.01001001  0.02032583  0.01178436], Quat=[ 0.99505323 -0.09600048  0.02300923 -0.01111608], AngVel=[-0.04818384  0.01144422 -0.0055883 ]
2025-04-03 21:04:21,950 [src.satellite_marl_env] [DEBUG] Step 800, Raw Obs target: RelPos=[1.95949144 0.58169813 0.04688298], RelVel=[-0.01001001  0.02032583  0.01178436], Quat=[1. 0. 0. 0.], AngVel=[0. 0. 0.]
2025-04-03 21:04:22,507 [src.satellite_marl_env] [DEBUG] Step 1000, Raw Obs servicer: RelPos=[1.93709054 0.62737658 0.07351953], RelVel=[-0.01236404  0.02531979  0.01484908], Quat=[ 0.98790294 -0.14989968  0.03573206 -0.01735152], AngVel=[-0.06046999  0.01419059 -0.00702573]
2025-04-03 21:04:22,507 [src.satellite_marl_env] [DEBUG] Step 1000, Raw Obs target: RelPos=[1.93709054 0.62737658 0.07351953], RelVel=[-0.01236404  0.02531979  0.01484908], Quat=[1. 0. 0. 0.], AngVel=[0. 0. 0.]
2025-04-03 21:04:22,509 [__main__] [INFO] Evaluation Episode 1 Rewards: {'servicer': 0.0, 'target': 0.0}
2025-04-03 21:04:22,509 [__main__] [INFO] Evaluation Episode: 2/5
2025-04-03 21:04:22,533 [src.satellite_marl_env] [DEBUG] Step 0, Raw Obs servicer: RelPos=[2.  0.5 0. ], RelVel=[0. 0. 0.], Quat=[1. 0. 0. 0.], AngVel=[0. 0. 0.]
2025-04-03 21:04:22,533 [src.satellite_marl_env] [DEBUG] Step 0, Raw Obs target: RelPos=[2.  0.5 0. ], RelVel=[0. 0. 0.], Quat=[1. 0. 0. 0.], AngVel=[0. 0. 0.]
2025-04-03 21:04:23,083 [src.satellite_marl_env] [DEBUG] Step 200, Raw Obs servicer: RelPos=[1.99743409 0.50514762 0.00292591], RelVel=[-0.0025515   0.00511916  0.00291145], Quat=[ 9.9998063e-01 -6.0141799e-03  1.4502468e-03 -6.9421536e-04], AngVel=[-0.01197032  0.00288724 -0.00138342]
2025-04-03 21:04:23,084 [src.satellite_marl_env] [DEBUG] Step 200, Raw Obs target: RelPos=[1.99743409 0.50514762 0.00292591], RelVel=[-0.0025515   0.00511916  0.00291145], Quat=[1. 0. 0. 0.], AngVel=[0. 0. 0.]
2025-04-03 21:04:23,645 [src.satellite_marl_env] [DEBUG] Step 400, Raw Obs servicer: RelPos=[1.98978165 0.52051408 0.01168191], RelVel=[-0.0050834   0.01021782  0.0058333 ], Quat=[ 0.9996912  -0.0240073   0.00578713 -0.00277655], AngVel=[-0.02396821  0.00577108 -0.00277619]
2025-04-03 21:04:23,646 [src.satellite_marl_env] [DEBUG] Step 400, Raw Obs target: RelPos=[1.98978165 0.52051408 0.01168191], RelVel=[-0.0050834   0.01021782  0.0058333 ], Quat=[1. 0. 0. 0.], AngVel=[0. 0. 0.]
2025-04-03 21:04:24,261 [src.satellite_marl_env] [DEBUG] Step 600, Raw Obs servicer: RelPos=[1.97710139 0.54605155 0.02630828], RelVel=[-0.00757623  0.01528915  0.00878482], Quat=[ 0.9984367  -0.0540034   0.01299167 -0.0062519 ], AngVel=[-0.03602795  0.00863059 -0.00417642]
2025-04-03 21:04:24,261 [src.satellite_marl_env] [DEBUG] Step 600, Raw Obs target: RelPos=[1.97710139 0.54605155 0.02630828], RelVel=[-0.00757623  0.01528915  0.00878482], Quat=[1. 0. 0. 0.], AngVel=[0. 0. 0.]
2025-04-03 21:04:24,836 [src.satellite_marl_env] [DEBUG] Step 800, Raw Obs servicer: RelPos=[1.95949144 0.58169813 0.04688298], RelVel=[-0.01001001  0.02032583  0.01178436], Quat=[ 0.99505323 -0.09600048  0.02300923 -0.01111608], AngVel=[-0.04818384  0.01144422 -0.0055883 ]
2025-04-03 21:04:24,836 [src.satellite_marl_env] [DEBUG] Step 800, Raw Obs target: RelPos=[1.95949144 0.58169813 0.04688298], RelVel=[-0.01001001  0.02032583  0.01178436], Quat=[1. 0. 0. 0.], AngVel=[0. 0. 0.]
2025-04-03 21:04:25,401 [src.satellite_marl_env] [DEBUG] Step 1000, Raw Obs servicer: RelPos=[1.93709054 0.62737658 0.07351953], RelVel=[-0.01236404  0.02531979  0.01484908], Quat=[ 0.98790294 -0.14989968  0.03573206 -0.01735152], AngVel=[-0.06046999  0.01419059 -0.00702573]
2025-04-03 21:04:25,401 [src.satellite_marl_env] [DEBUG] Step 1000, Raw Obs target: RelPos=[1.93709054 0.62737658 0.07351953], RelVel=[-0.01236404  0.02531979  0.01484908], Quat=[1. 0. 0. 0.], AngVel=[0. 0. 0.]
2025-04-03 21:04:25,404 [__main__] [INFO] Evaluation Episode 2 Rewards: {'servicer': 0.0, 'target': 0.0}
2025-04-03 21:04:25,404 [__main__] [INFO] Evaluation Episode: 3/5
2025-04-03 21:04:25,417 [src.satellite_marl_env] [DEBUG] Step 0, Raw Obs servicer: RelPos=[2.  0.5 0. ], RelVel=[0. 0. 0.], Quat=[1. 0. 0. 0.], AngVel=[0. 0. 0.]
2025-04-03 21:04:25,417 [src.satellite_marl_env] [DEBUG] Step 0, Raw Obs target: RelPos=[2.  0.5 0. ], RelVel=[0. 0. 0.], Quat=[1. 0. 0. 0.], AngVel=[0. 0. 0.]
2025-04-03 21:04:25,973 [src.satellite_marl_env] [DEBUG] Step 200, Raw Obs servicer: RelPos=[1.99743409 0.50514762 0.00292591], RelVel=[-0.0025515   0.00511916  0.00291145], Quat=[ 9.9998063e-01 -6.0141799e-03  1.4502468e-03 -6.9421536e-04], AngVel=[-0.01197032  0.00288724 -0.00138342]
2025-04-03 21:04:25,973 [src.satellite_marl_env] [DEBUG] Step 200, Raw Obs target: RelPos=[1.99743409 0.50514762 0.00292591], RelVel=[-0.0025515   0.00511916  0.00291145], Quat=[1. 0. 0. 0.], AngVel=[0. 0. 0.]
2025-04-03 21:04:26,580 [src.satellite_marl_env] [DEBUG] Step 400, Raw Obs servicer: RelPos=[1.98978165 0.52051408 0.01168191], RelVel=[-0.0050834   0.01021782  0.0058333 ], Quat=[ 0.9996912  -0.0240073   0.00578713 -0.00277655], AngVel=[-0.02396821  0.00577108 -0.00277619]
2025-04-03 21:04:26,580 [src.satellite_marl_env] [DEBUG] Step 400, Raw Obs target: RelPos=[1.98978165 0.52051408 0.01168191], RelVel=[-0.0050834   0.01021782  0.0058333 ], Quat=[1. 0. 0. 0.], AngVel=[0. 0. 0.]
2025-04-03 21:04:27,148 [src.satellite_marl_env] [DEBUG] Step 600, Raw Obs servicer: RelPos=[1.97710139 0.54605155 0.02630828], RelVel=[-0.00757623  0.01528915  0.00878482], Quat=[ 0.9984367  -0.0540034   0.01299167 -0.0062519 ], AngVel=[-0.03602795  0.00863059 -0.00417642]
2025-04-03 21:04:27,148 [src.satellite_marl_env] [DEBUG] Step 600, Raw Obs target: RelPos=[1.97710139 0.54605155 0.02630828], RelVel=[-0.00757623  0.01528915  0.00878482], Quat=[1. 0. 0. 0.], AngVel=[0. 0. 0.]
2025-04-03 21:04:27,699 [src.satellite_marl_env] [DEBUG] Step 800, Raw Obs servicer: RelPos=[1.95949144 0.58169813 0.04688298], RelVel=[-0.01001001  0.02032583  0.01178436], Quat=[ 0.99505323 -0.09600048  0.02300923 -0.01111608], AngVel=[-0.04818384  0.01144422 -0.0055883 ]
2025-04-03 21:04:27,699 [src.satellite_marl_env] [DEBUG] Step 800, Raw Obs target: RelPos=[1.95949144 0.58169813 0.04688298], RelVel=[-0.01001001  0.02032583  0.01178436], Quat=[1. 0. 0. 0.], AngVel=[0. 0. 0.]
2025-04-03 21:04:28,256 [src.satellite_marl_env] [DEBUG] Step 1000, Raw Obs servicer: RelPos=[1.93709054 0.62737658 0.07351953], RelVel=[-0.01236404  0.02531979  0.01484908], Quat=[ 0.98790294 -0.14989968  0.03573206 -0.01735152], AngVel=[-0.06046999  0.01419059 -0.00702573]
2025-04-03 21:04:28,257 [src.satellite_marl_env] [DEBUG] Step 1000, Raw Obs target: RelPos=[1.93709054 0.62737658 0.07351953], RelVel=[-0.01236404  0.02531979  0.01484908], Quat=[1. 0. 0. 0.], AngVel=[0. 0. 0.]
2025-04-03 21:04:28,259 [__main__] [INFO] Evaluation Episode 3 Rewards: {'servicer': 0.0, 'target': 0.0}
2025-04-03 21:04:28,259 [__main__] [INFO] Evaluation Episode: 4/5
2025-04-03 21:04:28,273 [src.satellite_marl_env] [DEBUG] Step 0, Raw Obs servicer: RelPos=[2.  0.5 0. ], RelVel=[0. 0. 0.], Quat=[1. 0. 0. 0.], AngVel=[0. 0. 0.]
2025-04-03 21:04:28,273 [src.satellite_marl_env] [DEBUG] Step 0, Raw Obs target: RelPos=[2.  0.5 0. ], RelVel=[0. 0. 0.], Quat=[1. 0. 0. 0.], AngVel=[0. 0. 0.]
2025-04-03 21:04:28,827 [src.satellite_marl_env] [DEBUG] Step 200, Raw Obs servicer: RelPos=[1.99743409 0.50514762 0.00292591], RelVel=[-0.0025515   0.00511916  0.00291145], Quat=[ 9.9998063e-01 -6.0141799e-03  1.4502468e-03 -6.9421536e-04], AngVel=[-0.01197032  0.00288724 -0.00138342]
2025-04-03 21:04:28,827 [src.satellite_marl_env] [DEBUG] Step 200, Raw Obs target: RelPos=[1.99743409 0.50514762 0.00292591], RelVel=[-0.0025515   0.00511916  0.00291145], Quat=[1. 0. 0. 0.], AngVel=[0. 0. 0.]
2025-04-03 21:04:29,396 [src.satellite_marl_env] [DEBUG] Step 400, Raw Obs servicer: RelPos=[1.98978165 0.52051408 0.01168191], RelVel=[-0.0050834   0.01021782  0.0058333 ], Quat=[ 0.9996912  -0.0240073   0.00578713 -0.00277655], AngVel=[-0.02396821  0.00577108 -0.00277619]
2025-04-03 21:04:29,396 [src.satellite_marl_env] [DEBUG] Step 400, Raw Obs target: RelPos=[1.98978165 0.52051408 0.01168191], RelVel=[-0.0050834   0.01021782  0.0058333 ], Quat=[1. 0. 0. 0.], AngVel=[0. 0. 0.]
2025-04-03 21:04:29,947 [src.satellite_marl_env] [DEBUG] Step 600, Raw Obs servicer: RelPos=[1.97710139 0.54605155 0.02630828], RelVel=[-0.00757623  0.01528915  0.00878482], Quat=[ 0.9984367  -0.0540034   0.01299167 -0.0062519 ], AngVel=[-0.03602795  0.00863059 -0.00417642]
2025-04-03 21:04:29,948 [src.satellite_marl_env] [DEBUG] Step 600, Raw Obs target: RelPos=[1.97710139 0.54605155 0.02630828], RelVel=[-0.00757623  0.01528915  0.00878482], Quat=[1. 0. 0. 0.], AngVel=[0. 0. 0.]
2025-04-03 21:04:30,536 [src.satellite_marl_env] [DEBUG] Step 800, Raw Obs servicer: RelPos=[1.95949144 0.58169813 0.04688298], RelVel=[-0.01001001  0.02032583  0.01178436], Quat=[ 0.99505323 -0.09600048  0.02300923 -0.01111608], AngVel=[-0.04818384  0.01144422 -0.0055883 ]
2025-04-03 21:04:30,536 [src.satellite_marl_env] [DEBUG] Step 800, Raw Obs target: RelPos=[1.95949144 0.58169813 0.04688298], RelVel=[-0.01001001  0.02032583  0.01178436], Quat=[1. 0. 0. 0.], AngVel=[0. 0. 0.]
2025-04-03 21:04:31,092 [src.satellite_marl_env] [DEBUG] Step 1000, Raw Obs servicer: RelPos=[1.93709054 0.62737658 0.07351953], RelVel=[-0.01236404  0.02531979  0.01484908], Quat=[ 0.98790294 -0.14989968  0.03573206 -0.01735152], AngVel=[-0.06046999  0.01419059 -0.00702573]
2025-04-03 21:04:31,093 [src.satellite_marl_env] [DEBUG] Step 1000, Raw Obs target: RelPos=[1.93709054 0.62737658 0.07351953], RelVel=[-0.01236404  0.02531979  0.01484908], Quat=[1. 0. 0. 0.], AngVel=[0. 0. 0.]
2025-04-03 21:04:31,096 [__main__] [INFO] Evaluation Episode 4 Rewards: {'servicer': 0.0, 'target': 0.0}
2025-04-03 21:04:31,096 [__main__] [INFO] Evaluation Episode: 5/5
2025-04-03 21:04:31,114 [src.satellite_marl_env] [DEBUG] Step 0, Raw Obs servicer: RelPos=[2.  0.5 0. ], RelVel=[0. 0. 0.], Quat=[1. 0. 0. 0.], AngVel=[0. 0. 0.]
2025-04-03 21:04:31,114 [src.satellite_marl_env] [DEBUG] Step 0, Raw Obs target: RelPos=[2.  0.5 0. ], RelVel=[0. 0. 0.], Quat=[1. 0. 0. 0.], AngVel=[0. 0. 0.]
2025-04-03 21:04:31,665 [src.satellite_marl_env] [DEBUG] Step 200, Raw Obs servicer: RelPos=[1.99743409 0.50514762 0.00292591], RelVel=[-0.0025515   0.00511916  0.00291145], Quat=[ 9.9998063e-01 -6.0141799e-03  1.4502468e-03 -6.9421536e-04], AngVel=[-0.01197032  0.00288724 -0.00138342]
2025-04-03 21:04:31,665 [src.satellite_marl_env] [DEBUG] Step 200, Raw Obs target: RelPos=[1.99743409 0.50514762 0.00292591], RelVel=[-0.0025515   0.00511916  0.00291145], Quat=[1. 0. 0. 0.], AngVel=[0. 0. 0.]
2025-04-03 21:04:32,242 [src.satellite_marl_env] [DEBUG] Step 400, Raw Obs servicer: RelPos=[1.98978165 0.52051408 0.01168191], RelVel=[-0.0050834   0.01021782  0.0058333 ], Quat=[ 0.9996912  -0.0240073   0.00578713 -0.00277655], AngVel=[-0.02396821  0.00577108 -0.00277619]
2025-04-03 21:04:32,243 [src.satellite_marl_env] [DEBUG] Step 400, Raw Obs target: RelPos=[1.98978165 0.52051408 0.01168191], RelVel=[-0.0050834   0.01021782  0.0058333 ], Quat=[1. 0. 0. 0.], AngVel=[0. 0. 0.]
2025-04-03 21:04:32,835 [src.satellite_marl_env] [DEBUG] Step 600, Raw Obs servicer: RelPos=[1.97710139 0.54605155 0.02630828], RelVel=[-0.00757623  0.01528915  0.00878482], Quat=[ 0.9984367  -0.0540034   0.01299167 -0.0062519 ], AngVel=[-0.03602795  0.00863059 -0.00417642]
2025-04-03 21:04:32,835 [src.satellite_marl_env] [DEBUG] Step 600, Raw Obs target: RelPos=[1.97710139 0.54605155 0.02630828], RelVel=[-0.00757623  0.01528915  0.00878482], Quat=[1. 0. 0. 0.], AngVel=[0. 0. 0.]
2025-04-03 21:04:33,381 [src.satellite_marl_env] [DEBUG] Step 800, Raw Obs servicer: RelPos=[1.95949144 0.58169813 0.04688298], RelVel=[-0.01001001  0.02032583  0.01178436], Quat=[ 0.99505323 -0.09600048  0.02300923 -0.01111608], AngVel=[-0.04818384  0.01144422 -0.0055883 ]
2025-04-03 21:04:33,382 [src.satellite_marl_env] [DEBUG] Step 800, Raw Obs target: RelPos=[1.95949144 0.58169813 0.04688298], RelVel=[-0.01001001  0.02032583  0.01178436], Quat=[1. 0. 0. 0.], AngVel=[0. 0. 0.]
2025-04-03 21:04:33,938 [src.satellite_marl_env] [DEBUG] Step 1000, Raw Obs servicer: RelPos=[1.93709054 0.62737658 0.07351953], RelVel=[-0.01236404  0.02531979  0.01484908], Quat=[ 0.98790294 -0.14989968  0.03573206 -0.01735152], AngVel=[-0.06046999  0.01419059 -0.00702573]
2025-04-03 21:04:33,938 [src.satellite_marl_env] [DEBUG] Step 1000, Raw Obs target: RelPos=[1.93709054 0.62737658 0.07351953], RelVel=[-0.01236404  0.02531979  0.01484908], Quat=[1. 0. 0. 0.], AngVel=[0. 0. 0.]
2025-04-03 21:04:33,941 [__main__] [INFO] Evaluation Episode 5 Rewards: {'servicer': 0.0, 'target': 0.0}
2025-04-03 21:04:33,951 [src.satellite_marl_env] [INFO] SatelliteMARLEnv closed.
2025-04-03 21:04:33,951 [__main__] [INFO] Average Evaluation Rewards over 5 episodes: {'servicer': 0.0, 'target': 0.0}
2025-04-03 21:04:33,951 [__main__] [INFO] Saving evaluation video to: /Users/nathanleo/Downloads/IST 597 - RL/Final Project/RL-Spacecraft-Docking/output/ray_results/evaluation_video.mp4
2025-04-03 21:04:37,680 [__main__] [INFO] Shutting down Ray...
2025-04-03 21:04:37,838 [src.satellite_marl_env] [INFO] SatelliteMARLEnv closed.
2025-04-03 21:04:37,848 [src.satellite_marl_env] [INFO] SatelliteMARLEnv closed.
2025-04-03 21:04:39,341 [__main__] [INFO] Script finished.
